-------------------------------------------------------------------------------
Test set: TestSuite
-------------------------------------------------------------------------------
Tests run: 3, Failures: 1, Errors: 0, Skipped: 0, Time elapsed: 84.361 s <<< FAILURE! - in TestSuite
verifyHomePage(testcases.FlightSearch)  Time elapsed: 0.115 s  <<< FAILURE!
java.lang.AssertionError: null
	at testcases.FlightSearch.verifyHomePage(FlightSearch.java:42)

